Got integer: 1
Got double: 1
Got double: 100000
./data/outbreak/d1u1.0c5r0.5t1e5/number
Got integer: 1
Got double: 1
Got double: 100000
./data/outbreak/d1u1.0c5r0.5t1e5/number
Got integer: 1
Got double: 1
Got double: 100000
./data/outbreak/d1u1.0c5r0.5t1e5/number
Got integer: 1
Got double: 1
Got double: 100000
./data/outbreak/d1u1.0c5r0.5t1e5/number
Got integer: 1
Got double: 1
Got double: 100000
./data/outbreak/d1u1.0c5r0.5t1e5/number
Got integer: 1
Got double: 1
Got double: 100000
./data/outbreak/d1u1.0c5r0.5t1e5/number
Got integer: 1
Got double: 1
Got double: 100000
./data/outbreak/d1u1.0c5r0.5t1e5/number
Got integer: 1
Got double: 1
Got double: 100000
./data/outbreak/d1u1.0c5r0.5t1e5/number
Got integer: 1
Got double: 1
Got double: 100000
./data/outbreak/d1u1.0c5r0.5t1e5/number
Got integer: 1
Got double: 1
Got double: 100000
./data/outbreak/d1u1.0c5r0.5t1e5/number
Got integer: 1
Got double: 1
Got double: 100000
./data/outbreak/d1u1.0c5r0.5t1e5/number
Got integer: 1
Got double: 1
Got double: 100000
./data/outbreak/d1u1.0c5r0.5t1e5/number
Got integer: 1
Got double: 1
Got double: 100000
./data/outbreak/d1u1.0c5r0.5t1e5/number
Got integer: 1
Got double: 1
Got double: 100000
./data/outbreak/d1u1.0c5r0.5t1e5/number
Got integer: 1
Got double: 1
Got double: 100000
./data/outbreak/d1u1.0c5r0.5t1e5/number
Got integer: 1
Got double: 1
Got double: 100000
./data/outbreak/d1u1.0c5r0.5t1e5/number
Got integer: 1
Got double: 1
Got double: 100000
./data/outbreak/d1u1.0c5r0.5t1e5/number
Got integer: 1
Got double: 1
Got double: 100000
./data/outbreak/d1u1.0c5r0.5t1e5/number
Got integer: 1
Got double: 1
Got double: 100000
./data/outbreak/d1u1.0c5r0.5t1e5/number
Got integer: 1
Got double: 1
Got double: 100000
./data/outbreak/d1u1.0c5r0.5t1e5/number

number of step: 51348106
final size: 100000

 elaspsed time: 23166.1s 

 mean r:, 9.99612
number of step: 53287045
final size: 100000

 elaspsed time: 23326.7s 

 mean r:, 10.0061
number of step: 53452667
final size: 100000

 elaspsed time: 23426.8s 

 mean r:, 9.99904
number of step: 53974525
final size: 100000

 elaspsed time: 23624.7s 

 mean r:, 9.99937
number of step: 54432893
final size: 100000

 elaspsed time: 23641.3s 

 mean r:, 9.99783
number of step: 53849048
final size: 100000

 elaspsed time: 23843.1s 

 mean r:, 9.9989
number of step: 54169168
final size: 100000

 elaspsed time: 23916.7s 

 mean r:, 9.9982
number of step: 55131496
final size: 100000

 elaspsed time: 24015.4s 

 mean r:, 9.99778
number of step: 55143390
final size: 100000

 elaspsed time: 24048.9s 

 mean r:, 9.99526
number of step: 55450937
final size: 100000

 elaspsed time: 24355.9s 

 mean r:, 9.9968
number of step: 56109137
final size: 100000

 elaspsed time: 24455.8s 

 mean r:, 10.0037
number of step: 56905742
final size: 100000

 elaspsed time: 24456.7s 

 mean r:, 9.99963
number of step: 58598607
final size: 100000

 elaspsed time: 24469.6s 

 mean r:, 9.99852
number of step: 59777436
final size: 100000

 elaspsed time: 24481.6s 

 mean r:, 9.99694
number of step: 57484343
final size: 100000

 elaspsed time: 24572.2s 

 mean r:, 9.9999
number of step: 56646429
final size: 100000

 elaspsed time: 24759.5s 

 mean r:, 9.99895
number of step: 60630584
final size: 100000

 elaspsed time: 24884.6s 

 mean r:, 9.99707
number of step: 58814579
final size: 100000

 elaspsed time: 24915s 

 mean r:, 9.99877
number of step: 58704935
final size: 100000

 elaspsed time: 25004.4s 

 mean r:, 10.0027
number of step: 61127967
final size: 100000

 elaspsed time: 25301.7s 

 mean r:, 10.0003