Got integer: 1
Got integer: 1
Got integer: 1
Got double: 1
Got double: 10000
./data/outbreak/d1u1.0c5r0.5t1e4/number
Got double: 1
Got double: 10000
./data/outbreak/d1u1.0c5r0.5t1e4/number
Got integer: 1
Got double: 1
Got double: 10000
Got double: 1
Got double: 10000
./data/outbreak/d1u1.0c5r0.5t1e4/number
./data/outbreak/d1u1.0c5r0.5t1e4/number
Got integer: 1
Got double: 1
Got double: 10000
./data/outbreak/d1u1.0c5r0.5t1e4/number
Got integer: 1
Got double: 1
Got double: 10000
./data/outbreak/d1u1.0c5r0.5t1e4/number
Got integer: 1
Got double: 1
Got double: 10000
./data/outbreak/d1u1.0c5r0.5t1e4/number
Got integer: 1
Got double: 1
Got double: 10000
./data/outbreak/d1u1.0c5r0.5t1e4/number
Got integer: 1
Got double: 1
Got double: 10000
./data/outbreak/d1u1.0c5r0.5t1e4/number
Got integer: 1
Got double: 1
Got double: 10000
./data/outbreak/d1u1.0c5r0.5t1e4/number
Got integer: 1
Got double: 1
Got double: 10000
./data/outbreak/d1u1.0c5r0.5t1e4/number
Got integer: 1
Got double: 1
Got double: 10000
./data/outbreak/d1u1.0c5r0.5t1e4/number
Got integer: 1
Got double: 1
Got double: 10000
./data/outbreak/d1u1.0c5r0.5t1e4/number
Got integer: 1
Got double: 1
Got double: 10000
./data/outbreak/d1u1.0c5r0.5t1e4/number
Got integer: 1
Got double: 1
Got double: 10000
./data/outbreak/d1u1.0c5r0.5t1e4/number
Got integer: 1
Got double: 1
Got double: 10000
./data/outbreak/d1u1.0c5r0.5t1e4/number
Got integer: 1
Got double: 1
Got double: 10000
./data/outbreak/d1u1.0c5r0.5t1e4/number
Got integer: 1
Got double: 1
Got double: 10000
./data/outbreak/d1u1.0c5r0.5t1e4/number
Got integer: 1
Got double: 1
Got double: 10000
./data/outbreak/d1u1.0c5r0.5t1e4/number
Got integer: 1
Got double: 1
Got double: 10000
./data/outbreak/d1u1.0c5r0.5t1e4/number

number of step: 1772054
final size: 10000

 elaspsed time: 223.543s 

 mean r:, 9.99376
number of step: 1938428
final size: 10000

 elaspsed time: 225.749s 

 mean r:, 9.9703
number of step: 1956183
final size: 10000

 elaspsed time: 232.965s 

 mean r:, 10.0048
number of step: 1974938
final size: 10000

 elaspsed time: 232.985s 

 mean r:, 10.0121
number of step: 2068055
final size: 10000

 elaspsed time: 233.697s 

 mean r:, 9.97828
number of step: 1972518
final size: 10000

 elaspsed time: 234.303s 

 mean r:, 9.98386
number of step: 1954519
final size: 10000

 elaspsed time: 234.518s 

 mean r:, 9.99529
number of step: 1984076
final size: 10000

 elaspsed time: 237.28s 

 mean r:, 10.0007
number of step: 1986949
final size: 10000

 elaspsed time: 238.378s 

 mean r:, 9.99909
number of step: 2044036
final size: 10000

 elaspsed time: 238.787s 

 mean r:, 9.99067
number of step: 1947194
final size: 10000

 elaspsed time: 239.222s 

 mean r:, 10.003
number of step: 2014231
final size: 10000

 elaspsed time: 239.541s 

 mean r:, 10.0189
number of step: 2155668
final size: 10000

 elaspsed time: 242.688s 

 mean r:, 9.99526
number of step: 2088940
final size: 10000

 elaspsed time: 242.897s 

 mean r:, 9.98546
number of step: 2154678
final size: 10000

 elaspsed time: 242.963s 

 mean r:, 9.99781
number of step: 2165592
final size: 10000

 elaspsed time: 243.947s 

 mean r:, 10.003
number of step: 2063048
final size: 10000

 elaspsed time: 244.79s 

 mean r:, 9.99076
number of step: 2162853
final size: 10000

 elaspsed time: 247.627s 

 mean r:, 9.98018
number of step: 2139966
final size: 10000

 elaspsed time: 248.339s 

 mean r:, 9.99248
number of step: 2262942
final size: 10000

 elaspsed time: 252.357s 

 mean r:, 10.0239