Got integer: 1
Got double: 1.3
Got integer: 1
Got double: 1.3
Got double: 100000
./data/outbreak/d1u1.3c10r0.25t1e5/number
Got double: 100000
./data/outbreak/d1u1.3c10r0.25t1e5/number
Got integer: 1
Got double: 1.3
Got double: 100000
./data/outbreak/d1u1.3c10r0.25t1e5/number
Got integer: 1
Got double: 1.3
Got double: 100000
./data/outbreak/d1u1.3c10r0.25t1e5/number
Got integer: 1
Got double: 1.3
Got double: 100000
./data/outbreak/d1u1.3c10r0.25t1e5/number
Got integer: 1
Got double: 1.3
Got double: 100000
./data/outbreak/d1u1.3c10r0.25t1e5/number
Got integer: 1
Got double: 1.3
Got double: 100000
./data/outbreak/d1u1.3c10r0.25t1e5/number
Got integer: 1
Got double: 1.3
Got double: 100000
./data/outbreak/d1u1.3c10r0.25t1e5/number
Got integer: 1
Got double: 1.3
Got double: 100000
./data/outbreak/d1u1.3c10r0.25t1e5/number
Got integer: 1
Got double: 1.3
Got double: 100000
./data/outbreak/d1u1.3c10r0.25t1e5/number
Got integer: 1
Got double: 1.3
Got double: 100000
./data/outbreak/d1u1.3c10r0.25t1e5/number
Got integer: 1
Got double: 1.3
Got double: 100000
./data/outbreak/d1u1.3c10r0.25t1e5/number
Got integer: 1
Got double: 1.3
Got double: 100000
./data/outbreak/d1u1.3c10r0.25t1e5/number
Got integer: 1
Got double: 1.3
Got double: 100000
./data/outbreak/d1u1.3c10r0.25t1e5/number
Got integer: 1
Got double: 1.3
Got double: 100000
./data/outbreak/d1u1.3c10r0.25t1e5/number
Got integer: 1
Got double: 1.3
Got double: 100000
./data/outbreak/d1u1.3c10r0.25t1e5/number
Got integer: 1
Got double: 1.3
Got double: 100000
./data/outbreak/d1u1.3c10r0.25t1e5/number
Got integer: 1
Got double: 1.3
Got double: 100000
./data/outbreak/d1u1.3c10r0.25t1e5/number
Got integer: 1
Got double: 1.3
Got double: 100000
./data/outbreak/d1u1.3c10r0.25t1e5/number
Got integer: 1
Got double: 1.3
Got double: 100000
./data/outbreak/d1u1.3c10r0.25t1e5/number

number of step: 24471944
final size: 100000

 elaspsed time: 13192.5s 

 mean r:, 12.3808
number of step: 25677477
final size: 100000

 elaspsed time: 13232.5s 

 mean r:, 12.3809
number of step: 22089828
final size: 100000

 elaspsed time: 13292.8s 

 mean r:, 12.3822
number of step: 26357181
final size: 100000

 elaspsed time: 13324.4s 

 mean r:, 12.3803
number of step: 28087898
final size: 100000

 elaspsed time: 13370.8s 

 mean r:, 12.3815
number of step: 23980783
final size: 100000

 elaspsed time: 13393.5s 

 mean r:, 12.3808
number of step: 25174982
final size: 100000

 elaspsed time: 13401.6s 

 mean r:, 12.3811
number of step: 31307265
final size: 100000

 elaspsed time: 13411.6s 

 mean r:, 12.3806
number of step: 26285161
final size: 100000

 elaspsed time: 13417.7s 

 mean r:, 12.3813
number of step: 31325684
final size: 100000

 elaspsed time: 13418.7s 

 mean r:, 12.3811
number of step: 28199966
final size: 100000

 elaspsed time: 13439s 

 mean r:, 12.3796
number of step: 26841555
final size: 100000

 elaspsed time: 13444.8s 

 mean r:, 12.3815
number of step: 22590837
final size: 100000

 elaspsed time: 13446.7s 

 mean r:, 12.3814
number of step: 26492325
final size: 100000

 elaspsed time: 13449.6s 

number of step: 29332607
final size: 100000

 elaspsed time: 13449.5s 


 mean r:, 12.3809 mean r:, 12.3803
number of step: 33992064
final size: 100000

 elaspsed time: 13453.1s 

 mean r:, 12.3803
number of step: 30983310
final size: 100000

 elaspsed time: 13485.3s 

 mean r:, 12.3816
number of step: 33437297
final size: 100000

 elaspsed time: 13495.7s 

 mean r:, 12.3812
number of step: 25216503
final size: 100000

 elaspsed time: 13512.6s 

 mean r:, 12.3814
number of step: 27182098
final size: 100000

 elaspsed time: 13520.7s 

 mean r:, 12.3803