Got integer: 1
Got double: 1.3
Got double: 100000
./data/outbreak/d1u1.3c10r0.25t1e5/number
Got integer: 1
Got double: 1.3
Got double: 100000
./data/outbreak/d1u1.3c10r0.25t1e5/number
Got integer: 1
Got double: 1.3
Got double: 100000
./data/outbreak/d1u1.3c10r0.25t1e5/number
Got integer: 1
Got double: 1.3
Got double: 100000
./data/outbreak/d1u1.3c10r0.25t1e5/number
Got integer: 1
Got double: 1.3
Got double: 100000
./data/outbreak/d1u1.3c10r0.25t1e5/number
Got integer: 1
Got double: 1.3
Got double: 100000
./data/outbreak/d1u1.3c10r0.25t1e5/number
Got integer: 1
Got double: 1.3
Got double: 100000
./data/outbreak/d1u1.3c10r0.25t1e5/number
Got integer: 1
Got double: 1.3
Got double: 100000
./data/outbreak/d1u1.3c10r0.25t1e5/number
Got integer: 1
Got double: 1.3
Got double: 100000
./data/outbreak/d1u1.3c10r0.25t1e5/number
Got integer: 1
Got double: 1.3
Got double: 100000
./data/outbreak/d1u1.3c10r0.25t1e5/number
Got integer: 1
Got double: 1.3
Got double: 100000
./data/outbreak/d1u1.3c10r0.25t1e5/number
Got integer: 1
Got double: 1.3
Got double: 100000
./data/outbreak/d1u1.3c10r0.25t1e5/number
Got integer: 1
Got double: 1.3
Got double: 100000
./data/outbreak/d1u1.3c10r0.25t1e5/number
Got integer: 1
Got double: 1.3
Got double: 100000
./data/outbreak/d1u1.3c10r0.25t1e5/number
Got integer: 1
Got double: 1.3
Got double: 100000
./data/outbreak/d1u1.3c10r0.25t1e5/number
Got integer: 1
Got double: 1.3
Got double: 100000
./data/outbreak/d1u1.3c10r0.25t1e5/number
Got integer: 1
Got double: 1.3
Got double: 100000
Got integer: 1
Got double: 1.3
Got double: 100000
./data/outbreak/d1u1.3c10r0.25t1e5/number
./data/outbreak/d1u1.3c10r0.25t1e5/number
Got integer: 1
Got double: 1.3
Got double: 100000
./data/outbreak/d1u1.3c10r0.25t1e5/number
Got integer: 1
Got double: 1.3
Got double: 100000
./data/outbreak/d1u1.3c10r0.25t1e5/number

number of step: 23593157
final size: 100000

 elaspsed time: 13181.4s 

 mean r:, 12.3804
number of step: 26149273
final size: 100000

 elaspsed time: 13203.1s 

 mean r:, 12.3814
number of step: 25172764
final size: 100000

 elaspsed time: 13226.4s 

 mean r:, 12.3804
number of step: 24953614
final size: 100000

 elaspsed time: 13254.7s 

 mean r:, 12.3812
number of step: 26127577
final size: 100000

 elaspsed time: 13259.2s 

 mean r:, 12.3812
number of step: 24488744
final size: 100000

 elaspsed time: 13315.7s 

 mean r:, 12.3797
number of step: 28525705
final size: 100000

 elaspsed time: 13344.7s 

 mean r:, 12.3812
number of step: 27036876
final size: 100000

 elaspsed time: 13346.9s 

 mean r:, 12.3826
number of step: 27309884
final size: 100000

 elaspsed time: 13348.5s 

 mean r:, 12.3812
number of step: 28751645
final size: 100000

 elaspsed time: 13370.1s 

 mean r:, 12.3807
number of step: 33034803
final size: 100000

 elaspsed time: 13381.8s 

 mean r:, 12.3809
number of step: 29148665
final size: 100000

 elaspsed time: 13387.3s 

 mean r:, 12.3802
number of step: 28577297
final size: 100000

 elaspsed time: 13409.8s 

 mean r:, 12.3815
number of step: 27916001
final size: 100000

 elaspsed time: 13416.2s 

 mean r:, 12.3817
number of step: 24320180
final size: 100000

 elaspsed time: 13420.5s 

 mean r:, 12.3805
number of step: 28779591
final size: 100000

 elaspsed time: 13441s 

 mean r:, 12.3812
number of step: 29516442
final size: 100000

 elaspsed time: 13458.2s 

 mean r:, 12.3803
number of step: 26620184
final size: 100000

 elaspsed time: 13482.4s 

 mean r:, 12.381
number of step: 29633835
final size: 100000

 elaspsed time: 13565s 

 mean r:, 12.3816
number of step: 34607440
final size: 100000

 elaspsed time: 13636.5s 

 mean r:, 12.3811