Got integer: 1
Got double: 0.8
Got double: 1e+06
./data/network/d1u0.8c0r0t1e6k8/number
1e+06
Got integer: 1
Got double: 0.8
Got integer: 1
Got integer: 1
Got double: 0.8
Got double: 0.8
Got double: 1e+06
Got double: 1e+06
./data/network/d1u0.8c0r0t1e6k8/number
./data/network/d1u0.8c0r0t1e6k8/number
Got double: 1e+06
./data/network/d1u0.8c0r0t1e6k8/number
1e+06
1e+06
1e+06
Got integer: 1
Got double: 0.8
Got double: 1e+06
./data/network/d1u0.8c0r0t1e6k8/number
1e+06
Got integer: 1
Got double: 0.8
Got double: 1e+06
./data/network/d1u0.8c0r0t1e6k8/number
1e+06
Got integer: 1
Got double: 0.8
Got double: 1e+06
./data/network/d1u0.8c0r0t1e6k8/number
1e+06
Got integer: 1
Got double: 0.8
Got double: 1e+06
./data/network/d1u0.8c0r0t1e6k8/number
1e+06
Got integer: 1
Got double: 0.8
Got double: 1e+06
./data/network/d1u0.8c0r0t1e6k8/number
1e+06
Got integer: 1
Got double: 0.8
Got double: 1e+06
./data/network/d1u0.8c0r0t1e6k8/number
1e+06
Got integer: 1
Got double: 0.8
Got double: 1e+06
./data/network/d1u0.8c0r0t1e6k8/number
1e+06
Got integer: 1
Got double: 0.8
Got double: 1e+06
./data/network/d1u0.8c0r0t1e6k8/number
1e+06
Got integer: 1
Got double: 0.8
Got double: 1e+06
./data/network/d1u0.8c0r0t1e6k8/number
1e+06
Got integer: 1
Got double: 0.8
Got double: 1e+06
./data/network/d1u0.8c0r0t1e6k8/number
1e+06
Got integer: 1
Got double: 0.8
Got integer: 1
Got double: 1e+06
./data/network/d1u0.8c0r0t1e6k8/number
Got double: 0.8
1e+06
Got double: 1e+06
./data/network/d1u0.8c0r0t1e6k8/number
1e+06
Got integer: 1
Got double: 0.8
Got double: 1e+06
./data/network/d1u0.8c0r0t1e6k8/number
1e+06
Got integer: 1
Got double: 0.8
Got double: 1e+06
./data/network/d1u0.8c0r0t1e6k8/number
1e+06
Got integer: 1
Got double: 0.8
Got double: 1e+06
./data/network/d1u0.8c0r0t1e6k8/number
1e+06
Got integer: 1
Got double: 0.8
Got double: 1e+06
./data/network/d1u0.8c0r0t1e6k8/number
1e+06

number of step: 28
final size: 1000000

 elaspsed time: 30348.5s 

number of step: 27
final size: 1000000

 elaspsed time: 30681.5s 

number of step: 28
final size: 1000000

 elaspsed time: 31591.6s 

number of step: 29
final size: 1000000

 elaspsed time: 31614.4s 

number of step: 27
final size: 1000000

 elaspsed time: 32017.2s 

number of step: 28
final size: 1000000

 elaspsed time: 32069.8s 

number of step: 29
final size: 1000000

 elaspsed time: 32295.7s 

number of step: 29
final size: 1000000

 elaspsed time: 32629.5s 

number of step: 28
final size: 1000000

 elaspsed time: 32816.8s 

number of step: 28
final size: 1000000

 elaspsed time: 32965.1s 

number of step: 29
final size: 1000000

 elaspsed time: 33267s 

number of step: 26
final size: 1000000

 elaspsed time: 33340.7s 

number of step: 29
final size: 1000000

 elaspsed time: 33577.3s 

number of step: 27
final size: 1000000

 elaspsed time: 33737.7s 

number of step: 28
final size: 1000000

 elaspsed time: 33793.8s 

number of step: 29
final size: 1000000

 elaspsed time: 33980.6s 

number of step: 25
final size: 1000000

 elaspsed time: 34010.1s 

number of step: 28
final size: 1000000

 elaspsed time: 34078s 

number of step: 27
final size: 1000000

 elaspsed time: 34124.1s 

number of step: 28
final size: 1000000

 elaspsed time: 34785.5s 
