Got integer: 1
Got double: 1
Got integer: 1
Got double: 1
Got integer: 1
Got double: 1
Got integer: 1
Got double: 100000
./data/outbreak/d1u1.0c10r0.5t1e5/number
Got double: 100000
./data/outbreak/d1u1.0c10r0.5t1e5/number
Got integer: 1
Got double: 100000
./data/outbreak/d1u1.0c10r0.5t1e5/number
Got double: 1
Got double: 100000
./data/outbreak/d1u1.0c10r0.5t1e5/number
Got double: 1
Got double: 100000
./data/outbreak/d1u1.0c10r0.5t1e5/number
Got integer: 1
Got double: 1
Got double: 100000
./data/outbreak/d1u1.0c10r0.5t1e5/number
Got integer: 1
Got double: 1
Got double: 100000
./data/outbreak/d1u1.0c10r0.5t1e5/number
Got integer: 1
Got double: 1
Got double: 100000
./data/outbreak/d1u1.0c10r0.5t1e5/number
Got integer: 1
Got double: 1
Got double: 100000
./data/outbreak/d1u1.0c10r0.5t1e5/number
Got integer: 1
Got double: 1
Got double: 100000
./data/outbreak/d1u1.0c10r0.5t1e5/number
Got integer: 1
Got double: 1
Got double: 100000
./data/outbreak/d1u1.0c10r0.5t1e5/number
Got integer: 1
Got double: 1
Got double: 100000
./data/outbreak/d1u1.0c10r0.5t1e5/number
Got integer: 1
Got double: 1
Got double: 100000
./data/outbreak/d1u1.0c10r0.5t1e5/number
Got integer: 1
Got double: 1
Got double: 100000
./data/outbreak/d1u1.0c10r0.5t1e5/number
Got integer: 1
Got double: 1
Got double: 100000
./data/outbreak/d1u1.0c10r0.5t1e5/number
Got integer: 1
Got double: 1
Got double: 100000
./data/outbreak/d1u1.0c10r0.5t1e5/number
Got integer: 1
Got double: 1
Got double: 100000
./data/outbreak/d1u1.0c10r0.5t1e5/number
Got integer: 1
Got double: 1
Got double: 100000
./data/outbreak/d1u1.0c10r0.5t1e5/number
Got integer: 1
Got double: 1
Got double: 100000
./data/outbreak/d1u1.0c10r0.5t1e5/number
Got integer: 1
Got double: 1
Got double: 100000
./data/outbreak/d1u1.0c10r0.5t1e5/number

number of step: 96475192
final size: 100000

 elaspsed time: 65372.4s 

 mean r:, 19.9973
number of step: 95881765
final size: 100000

 elaspsed time: 67004.5s 

 mean r:, 19.9951
number of step: 101616298
final size: 100000

 elaspsed time: 67836.4s 

 mean r:, 19.9995
number of step: 101070450
final size: 100000

 elaspsed time: 68401.4s 

 mean r:, 20.0008
number of step: 108045166
final size: 100000

 elaspsed time: 68860.6s 

 mean r:, 19.9986
number of step: 105201606
final size: 100000

 elaspsed time: 69084.8s 

 mean r:, 19.9964
number of step: 106760769
final size: 100000

 elaspsed time: 69480s 

 mean r:, 20.0012
number of step: 103788279
final size: 100000

 elaspsed time: 69497.4s 

 mean r:, 19.9981
number of step: 107279044
final size: 100000

 elaspsed time: 69572.1s 

 mean r:, 19.9987
number of step: 105424391
final size: 100000

 elaspsed time: 69668.2s 

 mean r:, 20.0036
number of step: 106606794
final size: 100000

 elaspsed time: 69864.3s 

 mean r:, 19.9928
number of step: 103839610
final size: 100000

 elaspsed time: 70135.3s 

 mean r:, 19.9925
number of step: 105311214
final size: 100000

 elaspsed time: 70196.3s 

 mean r:, 19.9943
number of step: 105243831
final size: 100000

 elaspsed time: 70449.6s 

 mean r:, 19.9962
number of step: 110557526
final size: 100000

 elaspsed time: 71253.8s 

 mean r:, 20.0094
number of step: 114059051
final size: 100000

 elaspsed time: 71306.4s 

 mean r:, 19.9979
number of step: 116002354
final size: 100000

 elaspsed time: 72943.9s 

 mean r:, 19.9997
number of step: 116232285
final size: 100000

 elaspsed time: 73010.6s 

 mean r:, 19.9972
number of step: 114952000
final size: 100000

 elaspsed time: 73829s 

 mean r:, 19.9963
number of step: 115951387
final size: 100000

 elaspsed time: 73937.5s 

 mean r:, 19.9996