Got integer: 1
Got integer: 1
Got double: 1
Got double: 1
Got double: 10000
Got double: 10000
./data/outbreak/d1u1.0c200r0.5t1e4/number
Got integer: 1
Got double: 1
Got double: 10000
./data/outbreak/d1u1.0c200r0.5t1e4/number
Got integer: 1
Got double: 1
Got double: 10000
./data/outbreak/d1u1.0c200r0.5t1e4/number
./data/outbreak/d1u1.0c200r0.5t1e4/number
Got integer: 1
Got double: 1
Got double: 10000
./data/outbreak/d1u1.0c200r0.5t1e4/number
Got integer: 1
Got integer: 1
Got double: 1
Got double: 10000
./data/outbreak/d1u1.0c200r0.5t1e4/number
Got double: 1
Got double: 10000
./data/outbreak/d1u1.0c200r0.5t1e4/number
Got integer: 1
Got double: 1
Got double: 10000
./data/outbreak/d1u1.0c200r0.5t1e4/number
Got integer: 1
Got double: 1
Got double: 10000
./data/outbreak/d1u1.0c200r0.5t1e4/number
Got integer: 1
Got double: 1
Got double: 10000
./data/outbreak/d1u1.0c200r0.5t1e4/number
Got integer: 1
Got double: 1
Got double: 10000
./data/outbreak/d1u1.0c200r0.5t1e4/number
Got integer: 1
Got double: 1
Got double: 10000
./data/outbreak/d1u1.0c200r0.5t1e4/number
Got integer: 1
Got double: 1
Got double: 10000
./data/outbreak/d1u1.0c200r0.5t1e4/number
Got integer: 1
Got double: 1
Got double: 10000
./data/outbreak/d1u1.0c200r0.5t1e4/number
Got integer: 1
Got double: 1
Got double: 10000
./data/outbreak/d1u1.0c200r0.5t1e4/number
Got integer: 1
Got double: 1
Got double: 10000
./data/outbreak/d1u1.0c200r0.5t1e4/number
Got integer: 1
Got double: 1
Got double: 10000
./data/outbreak/d1u1.0c200r0.5t1e4/number
Got integer: 1
Got double: 1
Got double: 10000
./data/outbreak/d1u1.0c200r0.5t1e4/number
Got integer: 1
Got double: 1
Got double: 10000
./data/outbreak/d1u1.0c200r0.5t1e4/number
Got integer: 1
Got double: 1
Got double: 10000
./data/outbreak/d1u1.0c200r0.5t1e4/number

number of step: 55772754
final size: 10000

 elaspsed time: 85019.9s 

 mean r:, 399.921
number of step: 56382994
final size: 10000

 elaspsed time: 88192.5s 

 mean r:, 399.964
number of step: 57631587
final size: 10000

 elaspsed time: 88311.3s 

 mean r:, 399.9
number of step: 57753143
final size: 10000

 elaspsed time: 89052.9s 

 mean r:, 399.836
number of step: 57099698
final size: 10000

 elaspsed time: 89320.5s 

 mean r:, 400.049
number of step: 58502668
final size: 10000

 elaspsed time: 90211.7s 

 mean r:, 400.004
number of step: 58244404
final size: 10000

 elaspsed time: 90421.7s 

 mean r:, 399.932
number of step: 60496115
final size: 10000

 elaspsed time: 90463.7s 

 mean r:, 400.064
number of step: 59617131
final size: 10000

 elaspsed time: 90546.6s 

 mean r:, 399.994
number of step: 59824825
final size: 10000

 elaspsed time: 91687.2s 

 mean r:, 399.959
number of step: 59505894
final size: 10000

 elaspsed time: 91911.3s 

 mean r:, 399.917
number of step: 59679551
final size: 10000

 elaspsed time: 92543.9s 

 mean r:, 400.027
number of step: 61098916
final size: 10000

 elaspsed time: 92682s 

 mean r:, 400.039
number of step: 60863349
final size: 10000

 elaspsed time: 92769.3s 

 mean r:, 400.085
number of step: 59984522
final size: 10000

 elaspsed time: 93127.9s 

 mean r:, 400.074
number of step: 60186338
final size: 10000

 elaspsed time: 93335.3s 

 mean r:, 400.011
number of step: 61003722
final size: 10000

 elaspsed time: 93455.9s 

 mean r:, 399.894
number of step: 60801719
final size: 10000

 elaspsed time: 93658.6s 

 mean r:, 400.024
number of step: 62659462
final size: 10000

 elaspsed time: 95549.2s 

 mean r:, 399.987
number of step: 61362847
final size: 10000

 elaspsed time: 95662.3s 

 mean r:, 400.025