Got integer: 1
Got double: 0.7
Got double: 100000
./data/outbreak/d1u0.7c10r0.5t1e5/number
Got integer: 1
Got double: 0.7
Got double: 100000
./data/outbreak/d1u0.7c10r0.5t1e5/number
Got integer: 1
Got double: 0.7
Got double: 100000
./data/outbreak/d1u0.7c10r0.5t1e5/number
Got integer: 1
Got double: 0.7
Got double: 100000
./data/outbreak/d1u0.7c10r0.5t1e5/number
Got integer: 1
Got double: 0.7
Got double: 100000
./data/outbreak/d1u0.7c10r0.5t1e5/number
Got integer: 1
Got double: 0.7
Got double: 100000
./data/outbreak/d1u0.7c10r0.5t1e5/number
Got integer: 1
Got double: 0.7
Got double: 100000
./data/outbreak/d1u0.7c10r0.5t1e5/number
Got integer: 1
Got double: 0.7
Got double: 100000
./data/outbreak/d1u0.7c10r0.5t1e5/number
Got integer: 1
Got double: 0.7
Got double: 100000
./data/outbreak/d1u0.7c10r0.5t1e5/number
Got integer: 1
Got double: 0.7
Got double: 100000
./data/outbreak/d1u0.7c10r0.5t1e5/number
Got integer: 1
Got double: 0.7
Got double: 100000
./data/outbreak/d1u0.7c10r0.5t1e5/number
Got integer: 1
Got double: 0.7
Got double: 100000
./data/outbreak/d1u0.7c10r0.5t1e5/number
Got integer: 1
Got double: 0.7
Got double: 100000
./data/outbreak/d1u0.7c10r0.5t1e5/number
Got integer: 1
Got double: 0.7
Got double: 100000
./data/outbreak/d1u0.7c10r0.5t1e5/number
Got integer: 1
Got double: 0.7
Got double: 100000
./data/outbreak/d1u0.7c10r0.5t1e5/number
Got integer: 1
Got double: 0.7
Got double: 100000
./data/outbreak/d1u0.7c10r0.5t1e5/number
Got integer: 1
Got double: 0.7
Got double: 100000
./data/outbreak/d1u0.7c10r0.5t1e5/number
Got integer: 1
Got double: 0.7
Got double: 100000
./data/outbreak/d1u0.7c10r0.5t1e5/number
Got integer: 1
Got double: 0.7
Got double: 100000
Got integer: 1
./data/outbreak/d1u0.7c10r0.5t1e5/number
Got double: 0.7
Got double: 100000
./data/outbreak/d1u0.7c10r0.5t1e5/number
slurmstepd: error: *** JOB 3008317 ON n0064.savio1 CANCELLED AT 2018-05-25T13:52:33 DUE TO TIME LIMIT ***
