Got integer: 1
Got integer: 1
Got integer: 1
Got double: 1.3
Got double: 100000
./data/outbreak/d1u1.3c10r0.8t1e5/number
Got integer: 1
Got double: 1.3
Got double: 100000
./data/outbreak/d1u1.3c10r0.8t1e5/number
Got double: 1.3
Got double: 100000
./data/outbreak/d1u1.3c10r0.8t1e5/number
Got double: 1.3
Got double: 100000
./data/outbreak/d1u1.3c10r0.8t1e5/number
Got integer: 1
Got double: 1.3
Got double: 100000
Got integer: 1
Got double: 1.3
Got double: 100000
./data/outbreak/d1u1.3c10r0.8t1e5/number
./data/outbreak/d1u1.3c10r0.8t1e5/number
Got integer: 1
Got double: 1.3
Got double: 100000
./data/outbreak/d1u1.3c10r0.8t1e5/number
Got integer: 1
Got double: 1.3
Got double: 100000
./data/outbreak/d1u1.3c10r0.8t1e5/number
Got integer: 1
Got double: 1.3
Got double: 100000
./data/outbreak/d1u1.3c10r0.8t1e5/number
Got integer: 1
Got double: 1.3
Got double: 100000
./data/outbreak/d1u1.3c10r0.8t1e5/number
Got integer: 1
Got double: 1.3
Got double: 100000
./data/outbreak/d1u1.3c10r0.8t1e5/number
Got integer: 1
Got double: 1.3
Got double: 100000
./data/outbreak/d1u1.3c10r0.8t1e5/number
Got integer: 1
Got double: 1.3
Got double: 100000
./data/outbreak/d1u1.3c10r0.8t1e5/number
Got integer: 1
Got double: 1.3
Got double: 100000
./data/outbreak/d1u1.3c10r0.8t1e5/number
Got integer: 1
Got double: 1.3
Got double: 100000
./data/outbreak/d1u1.3c10r0.8t1e5/number
Got integer: 1
Got double: 1.3
Got double: 100000
./data/outbreak/d1u1.3c10r0.8t1e5/number
Got integer: 1
Got double: 1.3
Got double: 100000
./data/outbreak/d1u1.3c10r0.8t1e5/number
Got integer: 1
Got double: 1.3
Got double: 100000
./data/outbreak/d1u1.3c10r0.8t1e5/number
Got integer: 1
Got double: 1.3
Got double: 100000
./data/outbreak/d1u1.3c10r0.8t1e5/number
Got integer: 1
Got double: 1.3
Got double: 100000
./data/outbreak/d1u1.3c10r0.8t1e5/number
/global/home/users/tomsuter/mycode/test1.3008312.task.4: line 2: 29498 Killed                  ./main_cluster 1 1 1.3 1e5 10 0.8 $HT_TASK_ID
-------------------------------------------------------
Primary job  terminated normally, but 1 process returned
a non-zero exit code.. Per user-direction, the job has been aborted.
-------------------------------------------------------
--------------------------------------------------------------------------
mpirun detected that one or more processes exited with non-zero status, thus causing
the job to be terminated. The first process to do so was:

  Process name: [[50578,1],0]
  Exit code:    137
--------------------------------------------------------------------------
/global/home/users/tomsuter/mycode/test1.3008312.task.18: line 2: 29481 Killed                  ./main_cluster 1 1 1.3 1e5 10 0.8 $HT_TASK_ID
-------------------------------------------------------
Primary job  terminated normally, but 1 process returned
a non-zero exit code.. Per user-direction, the job has been aborted.
-------------------------------------------------------
--------------------------------------------------------------------------
mpirun detected that one or more processes exited with non-zero status, thus causing
the job to be terminated. The first process to do so was:

  Process name: [[50522,1],0]
  Exit code:    137
--------------------------------------------------------------------------
terminate called after throwing an instance of 'std::bad_alloc'
  what():  std::bad_alloc
/global/home/users/tomsuter/mycode/test1.3008312.task.15: line 2: 29487 Aborted                 ./main_cluster 1 1 1.3 1e5 10 0.8 $HT_TASK_ID
-------------------------------------------------------
Primary job  terminated normally, but 1 process returned
a non-zero exit code.. Per user-direction, the job has been aborted.
-------------------------------------------------------
--------------------------------------------------------------------------
mpirun detected that one or more processes exited with non-zero status, thus causing
the job to be terminated. The first process to do so was:

  Process name: [[50507,1],0]
  Exit code:    134
--------------------------------------------------------------------------
/global/home/users/tomsuter/mycode/test1.3008312.task.17: line 2: 29494 Killed                  ./main_cluster 1 1 1.3 1e5 10 0.8 $HT_TASK_ID
-------------------------------------------------------
Primary job  terminated normally, but 1 process returned
a non-zero exit code.. Per user-direction, the job has been aborted.
-------------------------------------------------------
--------------------------------------------------------------------------
mpirun detected that one or more processes exited with non-zero status, thus causing
the job to be terminated. The first process to do so was:

  Process name: [[50513,1],0]
  Exit code:    137
--------------------------------------------------------------------------
/global/home/users/tomsuter/mycode/test1.3008312.task.8: line 2: 29485 Killed                  ./main_cluster 1 1 1.3 1e5 10 0.8 $HT_TASK_ID
-------------------------------------------------------
Primary job  terminated normally, but 1 process returned
a non-zero exit code.. Per user-direction, the job has been aborted.
-------------------------------------------------------
--------------------------------------------------------------------------
mpirun detected that one or more processes exited with non-zero status, thus causing
the job to be terminated. The first process to do so was:

  Process name: [[50534,1],0]
  Exit code:    137
--------------------------------------------------------------------------
/global/home/users/tomsuter/mycode/test1.3008312.task.19: line 2: 29495 Killed                  ./main_cluster 1 1 1.3 1e5 10 0.8 $HT_TASK_ID
-------------------------------------------------------
Primary job  terminated normally, but 1 process returned
a non-zero exit code.. Per user-direction, the job has been aborted.
-------------------------------------------------------
--------------------------------------------------------------------------
mpirun detected that one or more processes exited with non-zero status, thus causing
the job to be terminated. The first process to do so was:

  Process name: [[50527,1],0]
  Exit code:    137
--------------------------------------------------------------------------
/global/home/users/tomsuter/mycode/test1.3008312.task.16: line 2: 29486 Killed                  ./main_cluster 1 1 1.3 1e5 10 0.8 $HT_TASK_ID
-------------------------------------------------------
Primary job  terminated normally, but 1 process returned
a non-zero exit code.. Per user-direction, the job has been aborted.
-------------------------------------------------------
--------------------------------------------------------------------------
mpirun detected that one or more processes exited with non-zero status, thus causing
the job to be terminated. The first process to do so was:

  Process name: [[50508,1],0]
  Exit code:    137
--------------------------------------------------------------------------
/global/home/users/tomsuter/mycode/test1.3008312.task.9: line 2: 29478 Killed                  ./main_cluster 1 1 1.3 1e5 10 0.8 $HT_TASK_ID
-------------------------------------------------------
Primary job  terminated normally, but 1 process returned
a non-zero exit code.. Per user-direction, the job has been aborted.
-------------------------------------------------------
--------------------------------------------------------------------------
mpirun detected that one or more processes exited with non-zero status, thus causing
the job to be terminated. The first process to do so was:

  Process name: [[50539,1],0]
  Exit code:    137
--------------------------------------------------------------------------
/global/home/users/tomsuter/mycode/test1.3008312.task.1: line 2: 29484 Killed                  ./main_cluster 1 1 1.3 1e5 10 0.8 $HT_TASK_ID
-------------------------------------------------------
Primary job  terminated normally, but 1 process returned
a non-zero exit code.. Per user-direction, the job has been aborted.
-------------------------------------------------------
--------------------------------------------------------------------------
mpirun detected that one or more processes exited with non-zero status, thus causing
the job to be terminated. The first process to do so was:

  Process name: [[50563,1],0]
  Exit code:    137
--------------------------------------------------------------------------
/global/home/users/tomsuter/mycode/test1.3008312.task.3: line 2: 29483 Killed                  ./main_cluster 1 1 1.3 1e5 10 0.8 $HT_TASK_ID
-------------------------------------------------------
Primary job  terminated normally, but 1 process returned
a non-zero exit code.. Per user-direction, the job has been aborted.
-------------------------------------------------------
--------------------------------------------------------------------------
mpirun detected that one or more processes exited with non-zero status, thus causing
the job to be terminated. The first process to do so was:

  Process name: [[50569,1],0]
  Exit code:    137
--------------------------------------------------------------------------
/global/home/users/tomsuter/mycode/test1.3008312.task.12: line 2: 29489 Killed                  ./main_cluster 1 1 1.3 1e5 10 0.8 $HT_TASK_ID
-------------------------------------------------------
Primary job  terminated normally, but 1 process returned
a non-zero exit code.. Per user-direction, the job has been aborted.
-------------------------------------------------------
--------------------------------------------------------------------------
mpirun detected that one or more processes exited with non-zero status, thus causing
the job to be terminated. The first process to do so was:

  Process name: [[50552,1],0]
  Exit code:    137
--------------------------------------------------------------------------
terminate called after throwing an instance of 'std::bad_alloc'
  what():  std::bad_alloc
/global/home/users/tomsuter/mycode/test1.3008312.task.14: line 2: 29492 Aborted                 ./main_cluster 1 1 1.3 1e5 10 0.8 $HT_TASK_ID
-------------------------------------------------------
Primary job  terminated normally, but 1 process returned
a non-zero exit code.. Per user-direction, the job has been aborted.
-------------------------------------------------------
--------------------------------------------------------------------------
mpirun detected that one or more processes exited with non-zero status, thus causing
the job to be terminated. The first process to do so was:

  Process name: [[50502,1],0]
  Exit code:    134
--------------------------------------------------------------------------
/global/home/users/tomsuter/mycode/test1.3008312.task.7: line 2: 29480 Killed                  ./main_cluster 1 1 1.3 1e5 10 0.8 $HT_TASK_ID
-------------------------------------------------------
Primary job  terminated normally, but 1 process returned
a non-zero exit code.. Per user-direction, the job has been aborted.
-------------------------------------------------------
--------------------------------------------------------------------------
mpirun detected that one or more processes exited with non-zero status, thus causing
the job to be terminated. The first process to do so was:

  Process name: [[50589,1],0]
  Exit code:    137
--------------------------------------------------------------------------
/global/home/users/tomsuter/mycode/test1.3008312.task.10: line 2: 29496 Killed                  ./main_cluster 1 1 1.3 1e5 10 0.8 $HT_TASK_ID
-------------------------------------------------------
Primary job  terminated normally, but 1 process returned
a non-zero exit code.. Per user-direction, the job has been aborted.
-------------------------------------------------------
--------------------------------------------------------------------------
mpirun detected that one or more processes exited with non-zero status, thus causing
the job to be terminated. The first process to do so was:

  Process name: [[50541,1],0]
  Exit code:    137
--------------------------------------------------------------------------
/global/home/users/tomsuter/mycode/test1.3008312.task.5: line 2: 29488 Killed                  ./main_cluster 1 1 1.3 1e5 10 0.8 $HT_TASK_ID
-------------------------------------------------------
Primary job  terminated normally, but 1 process returned
a non-zero exit code.. Per user-direction, the job has been aborted.
-------------------------------------------------------
--------------------------------------------------------------------------
mpirun detected that one or more processes exited with non-zero status, thus causing
the job to be terminated. The first process to do so was:

  Process name: [[50583,1],0]
  Exit code:    137
--------------------------------------------------------------------------
/global/home/users/tomsuter/mycode/test1.3008312.task.0: line 2: 29491 Killed                  ./main_cluster 1 1 1.3 1e5 10 0.8 $HT_TASK_ID
-------------------------------------------------------
Primary job  terminated normally, but 1 process returned
a non-zero exit code.. Per user-direction, the job has been aborted.
-------------------------------------------------------
--------------------------------------------------------------------------
mpirun detected that one or more processes exited with non-zero status, thus causing
the job to be terminated. The first process to do so was:

  Process name: [[50622,1],0]
  Exit code:    137
--------------------------------------------------------------------------
terminate called after throwing an instance of 'std::bad_alloc'
  what():  std::bad_alloc
/global/home/users/tomsuter/mycode/test1.3008312.task.13: line 2: 29497 Aborted                 ./main_cluster 1 1 1.3 1e5 10 0.8 $HT_TASK_ID
-------------------------------------------------------
Primary job  terminated normally, but 1 process returned
a non-zero exit code.. Per user-direction, the job has been aborted.
-------------------------------------------------------
--------------------------------------------------------------------------
mpirun detected that one or more processes exited with non-zero status, thus causing
the job to be terminated. The first process to do so was:

  Process name: [[50557,1],0]
  Exit code:    134
--------------------------------------------------------------------------
slurmstepd: error: *** JOB 3008312 ON n0160.savio1 CANCELLED AT 2018-05-25T13:51:04 DUE TO TIME LIMIT ***
