Got integer: 1
Got integer: 1
Got double: 1
Got double: 10000
Got integer: 1
Got double: 1
Got double: 10000
./data/outbreak/d1u1.0c40r0.5t1e4/number
./data/outbreak/d1u1.0c40r0.5t1e4/number
Got integer: 1
Got double: 1
Got double: 10000
./data/outbreak/d1u1.0c40r0.5t1e4/number
Got integer: 1
Got integer: 1
Got integer: 1
Got double: 1
Got double: 10000
./data/outbreak/d1u1.0c40r0.5t1e4/number
Got integer: 1
Got double: 1
Got double: 10000
./data/outbreak/d1u1.0c40r0.5t1e4/number
Got integer: 1
Got double: 1
Got double: 10000
./data/outbreak/d1u1.0c40r0.5t1e4/number
Got double: 1
Got double: 10000
./data/outbreak/d1u1.0c40r0.5t1e4/number
Got double: 1
Got double: 10000
./data/outbreak/d1u1.0c40r0.5t1e4/number
Got double: 1
Got double: 10000
Got integer: 1
Got double: 1
Got double: 10000
./data/outbreak/d1u1.0c40r0.5t1e4/number
./data/outbreak/d1u1.0c40r0.5t1e4/number
Got integer: 1
Got integer: 1
Got double: 1
Got double: 10000
./data/outbreak/d1u1.0c40r0.5t1e4/number
Got double: 1
Got double: 10000
Got integer: 1
./data/outbreak/d1u1.0c40r0.5t1e4/number
Got double: 1
Got double: 10000
./data/outbreak/d1u1.0c40r0.5t1e4/number
Got integer: 1
Got double: 1
Got double: 10000
./data/outbreak/d1u1.0c40r0.5t1e4/number
Got integer: 1
Got double: 1
Got double: 10000
./data/outbreak/d1u1.0c40r0.5t1e4/number
Got integer: 1
Got double: 1
Got double: 10000
./data/outbreak/d1u1.0c40r0.5t1e4/number
Got integer: 1
Got integer: 1
Got integer: 1
Got double: 1
Got double: 10000
./data/outbreak/d1u1.0c40r0.5t1e4/number
Got double: 1
Got double: 10000
./data/outbreak/d1u1.0c40r0.5t1e4/number
Got integer: 1
Got double: 1
Got double: 10000
./data/outbreak/d1u1.0c40r0.5t1e4/number
Got double: 1
Got double: 10000
./data/outbreak/d1u1.0c40r0.5t1e4/number

number of step: 12068675
final size: 10000

 elaspsed time: 5350.69s 

 mean r:, 80.1
number of step: 11992951
final size: 10000

 elaspsed time: 5354.97s 

 mean r:, 80.0073
number of step: 12352671
final size: 10000

 elaspsed time: 5503.74s 

 mean r:, 79.9198
number of step: 12510185
final size: 10000

 elaspsed time: 5602.22s 

 mean r:, 80.0019
number of step: 12857744
final size: 10000

 elaspsed time: 5620.34s 

 mean r:, 79.9992
number of step: 12559961
final size: 10000

 elaspsed time: 5662.05s 

 mean r:, 79.9435
number of step: 12925761
final size: 10000

 elaspsed time: 5725.55s 

 mean r:, 79.9612
number of step: 13058916
final size: 10000

 elaspsed time: 5727.04s 

 mean r:, 80.0107
number of step: 12466860
final size: 10000

 elaspsed time: 5737.33s 

 mean r:, 80.0054
number of step: 13365511
final size: 10000

 elaspsed time: 5740.07s 

 mean r:, 79.9745
number of step: 12589414
final size: 10000

 elaspsed time: 5776.22s 

 mean r:, 80.0152
number of step: 13025438
final size: 10000

 elaspsed time: 5789.74s 

 mean r:, 79.9817
number of step: 13193178
final size: 10000

 elaspsed time: 5836.91s 

 mean r:, 79.9808
number of step: 13445488
final size: 10000

 elaspsed time: 5848.02s 

 mean r:, 79.968
number of step: 13434183
final size: 10000

 elaspsed time: 5866.23s 

 mean r:, 79.9489
number of step: 13462385
final size: 10000

 elaspsed time: 5867.26s 

 mean r:, 80.0489
number of step: 13461015
final size: 10000

 elaspsed time: 5896.22s 

 mean r:, 80.026
number of step: 13379200
final size: 10000

 elaspsed time: 5974.75s 

 mean r:, 79.9716
number of step: 13546121
final size: 10000

 elaspsed time: 6021.62s 

 mean r:, 79.9231
number of step: 14457620
final size: 10000

 elaspsed time: 6288.95s 

 mean r:, 79.9511