Got integer: 1
Got integer: 1
Got double: 0.7
Got double: 0.7
Got double: 100000
./data/outbreak/d1u0.7c10r2t1e5/number
Got double: 100000
./data/outbreak/d1u0.7c10r2t1e5/number
Got integer: 1
Got double: 0.7
Got double: 100000
./data/outbreak/d1u0.7c10r2t1e5/number
Got integer: 1
Got double: 0.7
Got double: 100000
./data/outbreak/d1u0.7c10r2t1e5/number
Got integer: 1
Got double: 0.7
Got double: 100000
./data/outbreak/d1u0.7c10r2t1e5/number
Got integer: 1
Got double: 0.7
Got double: 100000
./data/outbreak/d1u0.7c10r2t1e5/number
Got integer: 1
Got double: 0.7
Got double: 100000
./data/outbreak/d1u0.7c10r2t1e5/number
Got integer: 1
Got double: 0.7
Got double: 100000
./data/outbreak/d1u0.7c10r2t1e5/number
Got integer: 1
Got double: 0.7
Got double: 100000
./data/outbreak/d1u0.7c10r2t1e5/number
Got integer: 1
Got double: 0.7
Got double: 100000
./data/outbreak/d1u0.7c10r2t1e5/number
Got integer: 1
Got double: 0.7
Got double: 100000
./data/outbreak/d1u0.7c10r2t1e5/number
Got integer: 1
Got double: 0.7
Got double: 100000
./data/outbreak/d1u0.7c10r2t1e5/number
Got integer: 1
Got double: 0.7
Got double: 100000
./data/outbreak/d1u0.7c10r2t1e5/number
Got integer: 1
Got double: 0.7
Got double: 100000
./data/outbreak/d1u0.7c10r2t1e5/number
Got integer: 1
Got double: 0.7
Got double: 100000
./data/outbreak/d1u0.7c10r2t1e5/number
Got integer: 1
Got double: 0.7
Got double: 100000
./data/outbreak/d1u0.7c10r2t1e5/number
Got integer: 1
Got double: 0.7
Got double: 100000
./data/outbreak/d1u0.7c10r2t1e5/number
Got integer: 1
Got double: 0.7
Got double: 100000
./data/outbreak/d1u0.7c10r2t1e5/number
Got integer: 1
Got double: 0.7
Got double: 100000
./data/outbreak/d1u0.7c10r2t1e5/number
Got integer: 1
Got double: 0.7
Got double: 100000
./data/outbreak/d1u0.7c10r2t1e5/number
slurmstepd: error: *** JOB 3008318 ON n0047.savio1 CANCELLED AT 2018-05-25T13:53:03 DUE TO TIME LIMIT ***
