Got integer: 1
Got double: 1
Got double: 1e+06
./data/outbreak/d1u1c10r0.25t1e6/number
Got integer: 1
Got double: 1
Got double: 1e+06
./data/outbreak/d1u1c10r0.25t1e6/number
Got integer: 1
Got double: 1
Got double: 1e+06
Got integer: 1
Got double: 1
Got double: 1e+06
./data/outbreak/d1u1c10r0.25t1e6/number
Got integer: 1
Got double: 1
Got double: 1e+06
./data/outbreak/d1u1c10r0.25t1e6/number
./data/outbreak/d1u1c10r0.25t1e6/number
Got integer: 1
Got double: 1
Got double: 1e+06
./data/outbreak/d1u1c10r0.25t1e6/number
Got integer: 1
Got double: 1
Got double: 1e+06
./data/outbreak/d1u1c10r0.25t1e6/number
Got integer: 1
Got double: 1
Got double: 1e+06
./data/outbreak/d1u1c10r0.25t1e6/number
Got integer: 1
Got double: 1
Got double: 1e+06
./data/outbreak/d1u1c10r0.25t1e6/number
Got integer: 1
Got double: 1
Got double: 1e+06
./data/outbreak/d1u1c10r0.25t1e6/number
Got integer: 1
Got double: 1
Got double: 1e+06
./data/outbreak/d1u1c10r0.25t1e6/number
Got integer: 1
Got double: 1
Got double: 1e+06
./data/outbreak/d1u1c10r0.25t1e6/number
Got integer: 1
Got integer: 1
Got double: 1
Got double: 1e+06
./data/outbreak/d1u1c10r0.25t1e6/number
Got integer: 1
Got double: 1
Got double: 1e+06
./data/outbreak/d1u1c10r0.25t1e6/number
Got integer: 1
Got integer: 1
Got double: 1
Got double: 1e+06
./data/outbreak/d1u1c10r0.25t1e6/number
Got double: 1
Got double: 1e+06
./data/outbreak/d1u1c10r0.25t1e6/number
Got integer: 1
Got double: 1
Got double: 1e+06
./data/outbreak/d1u1c10r0.25t1e6/number
Got integer: 1
Got double: 1
Got double: 1e+06
./data/outbreak/d1u1c10r0.25t1e6/number
Got double: 1
Got double: 1e+06
./data/outbreak/d1u1c10r0.25t1e6/number
Got integer: 1
Got double: 1
Got double: 1e+06
./data/outbreak/d1u1c10r0.25t1e6/number
slurmstepd: error: *** JOB 2984781 ON n0166.savio1 CANCELLED AT 2018-05-07T19:45:01 DUE TO TIME LIMIT ***
